[2022-04-09T01:32:16.172Z] Validating found git in: git
[2022-04-09T01:32:16.343Z] Using git 2.25.1 from git
[2022-04-09T01:32:16.476Z] > git rev-parse --git-dir [11ms]
[2022-04-09T01:32:16.501Z] Open repository: /root/dockers/lara/www/proyecto_laravel
[2022-04-09T01:32:16.667Z] > git symbolic-ref --short HEAD [15ms]
[2022-04-09T01:32:16.693Z] > git for-each-ref --format=%(refname)%00%(upstream:short)%00%(objectname)%00%(upstream:track) refs/heads/main refs/remotes/main [7ms]
[2022-04-09T01:32:16.735Z] > git for-each-ref --sort -committerdate --format %(refname) %(objectname) %(*objectname) [21ms]
[2022-04-09T01:32:17.082Z] > git remote --verbose [354ms]
[2022-04-09T01:32:17.485Z] > git config --get commit.template [168ms]
[2022-04-09T01:32:19.269Z] > git ls-files --stage -- /root/dockers/lara/www/proyecto_laravel/app/Http/Controllers/EleccionComiteController.php [6ms]
[2022-04-09T01:32:19.362Z] > git cat-file -s 4037b86c7ffdc3f91ed6a3feb2910fdf8fab9f97 [32ms]
[2022-04-09T01:32:21.903Z] > git symbolic-ref --short HEAD [12ms]
[2022-04-09T01:32:21.961Z] > git for-each-ref --format=%(refname)%00%(upstream:short)%00%(objectname)%00%(upstream:track) refs/heads/main refs/remotes/main [12ms]
[2022-04-09T01:32:22.019Z] > git for-each-ref --sort -committerdate --format %(refname) %(objectname) %(*objectname) [23ms]
[2022-04-09T01:32:22.027Z] > git remote --verbose [10ms]
[2022-04-09T01:32:22.096Z] > git config --get commit.template [34ms]
[2022-04-09T01:32:27.152Z] > git symbolic-ref --short HEAD [3ms]
[2022-04-09T01:32:27.165Z] > git for-each-ref --format=%(refname)%00%(upstream:short)%00%(objectname)%00%(upstream:track) refs/heads/main refs/remotes/main [4ms]
[2022-04-09T01:32:27.186Z] > git for-each-ref --sort -committerdate --format %(refname) %(objectname) %(*objectname) [11ms]
[2022-04-09T01:32:27.187Z] > git remote --verbose [4ms]
[2022-04-09T01:32:27.202Z] > git config --get commit.template [2ms]
[2022-04-09T01:32:32.247Z] > git symbolic-ref --short HEAD [3ms]
[2022-04-09T01:32:32.259Z] > git for-each-ref --format=%(refname)%00%(upstream:short)%00%(objectname)%00%(upstream:track) refs/heads/main refs/remotes/main [3ms]
[2022-04-09T01:32:32.287Z] > git remote --verbose [6ms]
[2022-04-09T01:32:32.288Z] > git for-each-ref --sort -committerdate --format %(refname) %(objectname) %(*objectname) [18ms]
[2022-04-09T01:32:32.316Z] > git config --get commit.template [14ms]
[2022-04-09T02:14:36.486Z] > git symbolic-ref --short HEAD [8ms]
[2022-04-09T02:14:36.502Z] > git for-each-ref --format=%(refname)%00%(upstream:short)%00%(objectname)%00%(upstream:track) refs/heads/main refs/remotes/main [7ms]
[2022-04-09T02:14:36.521Z] > git for-each-ref --sort -committerdate --format %(refname) %(objectname) %(*objectname) [12ms]
[2022-04-09T02:14:36.527Z] > git remote --verbose [7ms]
[2022-04-09T02:14:36.542Z] > git config --get commit.template [3ms]
[2022-04-09T02:14:46.454Z] > git symbolic-ref --short HEAD [11ms]
[2022-04-09T02:14:46.487Z] > git for-each-ref --format=%(refname)%00%(upstream:short)%00%(objectname)%00%(upstream:track) refs/heads/main refs/remotes/main [8ms]
[2022-04-09T02:14:46.531Z] > git for-each-ref --sort -committerdate --format %(refname) %(objectname) %(*objectname) [26ms]
[2022-04-09T02:14:46.533Z] > git remote --verbose [4ms]
[2022-04-09T02:14:46.587Z] > git config --get commit.template [12ms]
[2022-04-09T02:14:51.647Z] > git symbolic-ref --short HEAD [7ms]
[2022-04-09T02:14:51.667Z] > git for-each-ref --format=%(refname)%00%(upstream:short)%00%(objectname)%00%(upstream:track) refs/heads/main refs/remotes/main [8ms]
[2022-04-09T02:14:51.701Z] > git for-each-ref --sort -committerdate --format %(refname) %(objectname) %(*objectname) [23ms]
[2022-04-09T02:14:51.707Z] > git remote --verbose [11ms]
[2022-04-09T02:14:51.733Z] > git config --get commit.template [6ms]
[2022-04-09T02:14:56.775Z] > git symbolic-ref --short HEAD [3ms]
[2022-04-09T02:14:56.785Z] > git for-each-ref --format=%(refname)%00%(upstream:short)%00%(objectname)%00%(upstream:track) refs/heads/main refs/remotes/main [2ms]
[2022-04-09T02:14:56.803Z] > git for-each-ref --sort -committerdate --format %(refname) %(objectname) %(*objectname) [10ms]
[2022-04-09T02:14:56.804Z] > git remote --verbose [3ms]
[2022-04-09T02:14:56.824Z] > git config --get commit.template [3ms]
[2022-04-09T02:15:01.866Z] > git symbolic-ref --short HEAD [3ms]
[2022-04-09T02:15:01.876Z] > git for-each-ref --format=%(refname)%00%(upstream:short)%00%(objectname)%00%(upstream:track) refs/heads/main refs/remotes/main [3ms]
[2022-04-09T02:15:01.904Z] > git for-each-ref --sort -committerdate --format %(refname) %(objectname) %(*objectname) [13ms]
[2022-04-09T02:15:01.908Z] > git remote --verbose [7ms]
[2022-04-09T02:15:01.932Z] > git config --get commit.template [4ms]
[2022-04-09T02:15:06.977Z] > git symbolic-ref --short HEAD [4ms]
[2022-04-09T02:15:06.987Z] > git for-each-ref --format=%(refname)%00%(upstream:short)%00%(objectname)%00%(upstream:track) refs/heads/main refs/remotes/main [2ms]
[2022-04-09T02:15:07.004Z] > git for-each-ref --sort -committerdate --format %(refname) %(objectname) %(*objectname) [9ms]
[2022-04-09T02:15:07.005Z] > git remote --verbose [3ms]
[2022-04-09T02:15:07.023Z] > git config --get commit.template [5ms]
[2022-04-09T02:15:11.086Z] > git ls-files --stage -- /root/dockers/lara/www/proyecto_laravel/resources/views/funcionario/create.blade.php [10ms]
[2022-04-09T02:15:11.121Z] > git cat-file -s 415b756a0df339faa66cc5b7b5bf12d4df83a722 [13ms]
[2022-04-09T02:15:12.142Z] > git symbolic-ref --short HEAD [19ms]
[2022-04-09T02:15:12.167Z] > git for-each-ref --format=%(refname)%00%(upstream:short)%00%(objectname)%00%(upstream:track) refs/heads/main refs/remotes/main [9ms]
[2022-04-09T02:15:12.202Z] > git for-each-ref --sort -committerdate --format %(refname) %(objectname) %(*objectname) [17ms]
[2022-04-09T02:15:12.211Z] > git remote --verbose [14ms]
[2022-04-09T02:15:12.237Z] > git config --get commit.template [5ms]
[2022-04-09T02:15:43.379Z] > git symbolic-ref --short HEAD [14ms]
[2022-04-09T02:15:43.405Z] > git for-each-ref --format=%(refname)%00%(upstream:short)%00%(objectname)%00%(upstream:track) refs/heads/main refs/remotes/main [8ms]
[2022-04-09T02:15:43.454Z] > git for-each-ref --sort -committerdate --format %(refname) %(objectname) %(*objectname) [30ms]
[2022-04-09T02:15:43.455Z] > git remote --verbose [4ms]
[2022-04-09T02:15:43.474Z] > git config --get commit.template [4ms]
[2022-04-09T02:15:48.526Z] > git symbolic-ref --short HEAD [4ms]
[2022-04-09T02:15:48.538Z] > git for-each-ref --format=%(refname)%00%(upstream:short)%00%(objectname)%00%(upstream:track) refs/heads/main refs/remotes/main [4ms]
[2022-04-09T02:15:48.554Z] > git for-each-ref --sort -committerdate --format %(refname) %(objectname) %(*objectname) [9ms]
[2022-04-09T02:15:48.555Z] > git remote --verbose [3ms]
[2022-04-09T02:15:48.574Z] > git config --get commit.template [5ms]
[2022-04-09T02:15:53.631Z] > git symbolic-ref --short HEAD [7ms]
[2022-04-09T02:15:53.648Z] > git for-each-ref --format=%(refname)%00%(upstream:short)%00%(objectname)%00%(upstream:track) refs/heads/main refs/remotes/main [7ms]
[2022-04-09T02:15:53.669Z] > git for-each-ref --sort -committerdate --format %(refname) %(objectname) %(*objectname) [12ms]
[2022-04-09T02:15:53.672Z] > git remote --verbose [6ms]
[2022-04-09T02:15:53.694Z] > git config --get commit.template [8ms]
[2022-04-09T02:16:02.062Z] > git symbolic-ref --short HEAD [5ms]
[2022-04-09T02:16:02.080Z] > git for-each-ref --format=%(refname)%00%(upstream:short)%00%(objectname)%00%(upstream:track) refs/heads/main refs/remotes/main [3ms]
[2022-04-09T02:16:02.111Z] > git for-each-ref --sort -committerdate --format %(refname) %(objectname) %(*objectname) [21ms]
[2022-04-09T02:16:02.127Z] > git remote --verbose [21ms]
[2022-04-09T02:16:02.167Z] > git config --get commit.template [6ms]
[2022-04-09T02:16:07.247Z] > git symbolic-ref --short HEAD [20ms]
[2022-04-09T02:16:07.268Z] > git for-each-ref --format=%(refname)%00%(upstream:short)%00%(objectname)%00%(upstream:track) refs/heads/main refs/remotes/main [12ms]
[2022-04-09T02:16:07.290Z] > git for-each-ref --sort -committerdate --format %(refname) %(objectname) %(*objectname) [10ms]
[2022-04-09T02:16:07.296Z] > git remote --verbose [8ms]
[2022-04-09T02:16:07.324Z] > git config --get commit.template [7ms]
[2022-04-09T02:16:12.377Z] > git symbolic-ref --short HEAD [3ms]
[2022-04-09T02:16:12.388Z] > git for-each-ref --format=%(refname)%00%(upstream:short)%00%(objectname)%00%(upstream:track) refs/heads/main refs/remotes/main [2ms]
[2022-04-09T02:16:12.405Z] > git for-each-ref --sort -committerdate --format %(refname) %(objectname) %(*objectname) [10ms]
[2022-04-09T02:16:12.406Z] > git remote --verbose [3ms]
[2022-04-09T02:16:12.424Z] > git config --get commit.template [3ms]
[2022-04-09T02:16:17.468Z] > git symbolic-ref --short HEAD [4ms]
[2022-04-09T02:16:17.478Z] > git for-each-ref --format=%(refname)%00%(upstream:short)%00%(objectname)%00%(upstream:track) refs/heads/main refs/remotes/main [2ms]
[2022-04-09T02:16:17.495Z] > git for-each-ref --sort -committerdate --format %(refname) %(objectname) %(*objectname) [9ms]
[2022-04-09T02:16:17.496Z] > git remote --verbose [3ms]
[2022-04-09T02:16:17.510Z] > git config --get commit.template [3ms]
[2022-04-09T02:16:22.054Z] > git ls-files --stage -- /root/dockers/lara/www/proyecto_laravel/resources/views/voto/list.blade.php [3ms]
[2022-04-09T02:16:22.577Z] > git symbolic-ref --short HEAD [7ms]
[2022-04-09T02:16:22.594Z] > git for-each-ref --format=%(refname)%00%(upstream:short)%00%(objectname)%00%(upstream:track) refs/heads/main refs/remotes/main [7ms]
[2022-04-09T02:16:22.619Z] > git for-each-ref --sort -committerdate --format %(refname) %(objectname) %(*objectname) [17ms]
[2022-04-09T02:16:22.624Z] > git remote --verbose [7ms]
[2022-04-09T02:16:22.645Z] > git config --get commit.template [5ms]
[2022-04-09T02:16:27.694Z] > git symbolic-ref --short HEAD [5ms]
[2022-04-09T02:16:27.708Z] > git for-each-ref --format=%(refname)%00%(upstream:short)%00%(objectname)%00%(upstream:track) refs/heads/main refs/remotes/main [5ms]
[2022-04-09T02:16:27.728Z] > git for-each-ref --sort -committerdate --format %(refname) %(objectname) %(*objectname) [11ms]
[2022-04-09T02:16:27.732Z] > git remote --verbose [6ms]
[2022-04-09T02:16:27.759Z] > git config --get commit.template [6ms]
[2022-04-09T02:16:32.805Z] > git symbolic-ref --short HEAD [4ms]
[2022-04-09T02:16:32.815Z] > git for-each-ref --format=%(refname)%00%(upstream:short)%00%(objectname)%00%(upstream:track) refs/heads/main refs/remotes/main [2ms]
[2022-04-09T02:16:32.832Z] > git for-each-ref --sort -committerdate --format %(refname) %(objectname) %(*objectname) [9ms]
[2022-04-09T02:16:32.836Z] > git remote --verbose [5ms]
[2022-04-09T02:16:32.850Z] > git config --get commit.template [2ms]
[2022-04-09T02:16:37.891Z] > git symbolic-ref --short HEAD [2ms]
[2022-04-09T02:16:37.901Z] > git for-each-ref --format=%(refname)%00%(upstream:short)%00%(objectname)%00%(upstream:track) refs/heads/main refs/remotes/main [2ms]
[2022-04-09T02:16:37.917Z] > git for-each-ref --sort -committerdate --format %(refname) %(objectname) %(*objectname) [8ms]
[2022-04-09T02:16:37.920Z] > git remote --verbose [4ms]
[2022-04-09T02:16:37.934Z] > git config --get commit.template [3ms]
[2022-04-09T02:16:42.978Z] > git symbolic-ref --short HEAD [6ms]
[2022-04-09T02:16:42.990Z] > git for-each-ref --format=%(refname)%00%(upstream:short)%00%(objectname)%00%(upstream:track) refs/heads/main refs/remotes/main [4ms]
[2022-04-09T02:16:43.010Z] > git for-each-ref --sort -committerdate --format %(refname) %(objectname) %(*objectname) [10ms]
[2022-04-09T02:16:43.016Z] > git remote --verbose [8ms]
[2022-04-09T02:16:43.035Z] > git config --get commit.template [3ms]
[2022-04-09T02:17:05.543Z] > git symbolic-ref --short HEAD [9ms]
[2022-04-09T02:17:05.570Z] > git for-each-ref --format=%(refname)%00%(upstream:short)%00%(objectname)%00%(upstream:track) refs/heads/main refs/remotes/main [10ms]
[2022-04-09T02:17:05.599Z] > git for-each-ref --sort -committerdate --format %(refname) %(objectname) %(*objectname) [13ms]
[2022-04-09T02:17:05.603Z] > git remote --verbose [5ms]
[2022-04-09T02:17:05.628Z] > git config --get commit.template [7ms]
[2022-04-09T02:17:11.633Z] > git symbolic-ref --short HEAD [5ms]
[2022-04-09T02:17:11.654Z] > git for-each-ref --format=%(refname)%00%(upstream:short)%00%(objectname)%00%(upstream:track) refs/heads/main refs/remotes/main [5ms]
[2022-04-09T02:17:11.687Z] > git for-each-ref --sort -committerdate --format %(refname) %(objectname) %(*objectname) [19ms]
[2022-04-09T02:17:11.692Z] > git remote --verbose [7ms]
[2022-04-09T02:17:11.708Z] > git config --get commit.template [5ms]
[2022-04-09T02:17:40.019Z] > git ls-files --stage -- /root/dockers/lara/www/proyecto_laravel/resources/views/voto/edit.blade.php [3ms]
[2022-04-09T02:18:09.714Z] > git symbolic-ref --short HEAD [21ms]
[2022-04-09T02:18:09.803Z] > git for-each-ref --format=%(refname)%00%(upstream:short)%00%(objectname)%00%(upstream:track) refs/heads/main refs/remotes/main [43ms]
[2022-04-09T02:18:09.867Z] > git remote --verbose [3ms]
[2022-04-09T02:18:09.878Z] > git for-each-ref --sort -committerdate --format %(refname) %(objectname) %(*objectname) [40ms]
[2022-04-09T02:18:09.916Z] > git config --get commit.template [8ms]
[2022-04-09T02:18:54.931Z] > git symbolic-ref --short HEAD [9ms]
[2022-04-09T02:18:54.965Z] > git for-each-ref --format=%(refname)%00%(upstream:short)%00%(objectname)%00%(upstream:track) refs/heads/main refs/remotes/main [5ms]
[2022-04-09T02:18:54.995Z] > git for-each-ref --sort -committerdate --format %(refname) %(objectname) %(*objectname) [14ms]
[2022-04-09T02:18:55.008Z] > git remote --verbose [14ms]
[2022-04-09T02:18:55.053Z] > git config --get commit.template [27ms]
[2022-04-09T02:19:00.112Z] > git symbolic-ref --short HEAD [5ms]
[2022-04-09T02:19:00.125Z] > git for-each-ref --format=%(refname)%00%(upstream:short)%00%(objectname)%00%(upstream:track) refs/heads/main refs/remotes/main [4ms]
[2022-04-09T02:19:00.147Z] > git for-each-ref --sort -committerdate --format %(refname) %(objectname) %(*objectname) [14ms]
[2022-04-09T02:19:00.152Z] > git remote --verbose [6ms]
[2022-04-09T02:19:00.166Z] > git config --get commit.template [3ms]
[2022-04-09T02:19:05.212Z] > git symbolic-ref --short HEAD [4ms]
[2022-04-09T02:19:05.222Z] > git for-each-ref --format=%(refname)%00%(upstream:short)%00%(objectname)%00%(upstream:track) refs/heads/main refs/remotes/main [3ms]
[2022-04-09T02:19:05.239Z] > git for-each-ref --sort -committerdate --format %(refname) %(objectname) %(*objectname) [9ms]
[2022-04-09T02:19:05.240Z] > git remote --verbose [3ms]
[2022-04-09T02:19:05.258Z] > git config --get commit.template [5ms]
[2022-04-09T02:19:10.354Z] > git symbolic-ref --short HEAD [2ms]
[2022-04-09T02:19:10.423Z] > git for-each-ref --format=%(refname)%00%(upstream:short)%00%(objectname)%00%(upstream:track) refs/heads/main refs/remotes/main [2ms]
[2022-04-09T02:19:10.479Z] > git for-each-ref --sort -committerdate --format %(refname) %(objectname) %(*objectname) [17ms]
[2022-04-09T02:19:10.484Z] > git remote --verbose [6ms]
[2022-04-09T02:19:10.503Z] > git config --get commit.template [5ms]
[2022-04-09T02:19:11.592Z] > git ls-files --stage -- /root/dockers/lara/www/proyecto_laravel/resources/views/voto/create.blade.php [7ms]
[2022-04-09T02:19:11.607Z] > git cat-file -s 7aa19d1a563a6a2340add8189d8374e2e490bc32 [5ms]
[2022-04-09T02:19:15.543Z] > git symbolic-ref --short HEAD [2ms]
[2022-04-09T02:19:15.554Z] > git for-each-ref --format=%(refname)%00%(upstream:short)%00%(objectname)%00%(upstream:track) refs/heads/main refs/remotes/main [3ms]
[2022-04-09T02:19:15.572Z] > git for-each-ref --sort -committerdate --format %(refname) %(objectname) %(*objectname) [10ms]
[2022-04-09T02:19:15.573Z] > git remote --verbose [3ms]
[2022-04-09T02:19:15.592Z] > git config --get commit.template [5ms]
[2022-04-09T02:19:20.635Z] > git symbolic-ref --short HEAD [3ms]
[2022-04-09T02:19:20.646Z] > git for-each-ref --format=%(refname)%00%(upstream:short)%00%(objectname)%00%(upstream:track) refs/heads/main refs/remotes/main [3ms]
[2022-04-09T02:19:20.664Z] > git for-each-ref --sort -committerdate --format %(refname) %(objectname) %(*objectname) [10ms]
[2022-04-09T02:19:20.665Z] > git remote --verbose [3ms]
[2022-04-09T02:19:20.683Z] > git config --get commit.template [4ms]
[2022-04-09T02:19:25.726Z] > git symbolic-ref --short HEAD [3ms]
[2022-04-09T02:19:25.737Z] > git for-each-ref --format=%(refname)%00%(upstream:short)%00%(objectname)%00%(upstream:track) refs/heads/main refs/remotes/main [3ms]
[2022-04-09T02:19:25.757Z] > git for-each-ref --sort -committerdate --format %(refname) %(objectname) %(*objectname) [11ms]
[2022-04-09T02:19:25.758Z] > git remote --verbose [4ms]
[2022-04-09T02:19:25.772Z] > git config --get commit.template [2ms]
[2022-04-09T02:19:30.818Z] > git symbolic-ref --short HEAD [2ms]
[2022-04-09T02:19:30.837Z] > git for-each-ref --format=%(refname)%00%(upstream:short)%00%(objectname)%00%(upstream:track) refs/heads/main refs/remotes/main [4ms]
[2022-04-09T02:19:30.854Z] > git for-each-ref --sort -committerdate --format %(refname) %(objectname) %(*objectname) [9ms]
[2022-04-09T02:19:30.856Z] > git remote --verbose [4ms]
[2022-04-09T02:19:30.875Z] > git config --get commit.template [5ms]
[2022-04-09T02:22:51.382Z] > git symbolic-ref --short HEAD [13ms]
[2022-04-09T02:22:51.407Z] > git for-each-ref --format=%(refname)%00%(upstream:short)%00%(objectname)%00%(upstream:track) refs/heads/main refs/remotes/main [10ms]
[2022-04-09T02:22:51.445Z] > git for-each-ref --sort -committerdate --format %(refname) %(objectname) %(*objectname) [26ms]
[2022-04-09T02:22:51.453Z] > git remote --verbose [9ms]
[2022-04-09T02:22:51.512Z] > git config --get commit.template [28ms]
[2022-04-09T02:22:51.526Z] > git ls-files --stage -- /root/dockers/lara/www/proyecto_laravel/resources/views/voto/create.blade.php [15ms]
[2022-04-09T02:22:51.639Z] > git cat-file -s 7aa19d1a563a6a2340add8189d8374e2e490bc32 [64ms]
[2022-04-09T02:22:56.566Z] > git symbolic-ref --short HEAD [4ms]
[2022-04-09T02:22:56.579Z] > git for-each-ref --format=%(refname)%00%(upstream:short)%00%(objectname)%00%(upstream:track) refs/heads/main refs/remotes/main [4ms]
[2022-04-09T02:22:56.599Z] > git for-each-ref --sort -committerdate --format %(refname) %(objectname) %(*objectname) [12ms]
[2022-04-09T02:22:56.604Z] > git remote --verbose [6ms]
[2022-04-09T02:22:56.622Z] > git config --get commit.template [3ms]
[2022-04-09T02:22:59.388Z] > git ls-files --stage -- /root/dockers/lara/www/proyecto_laravel/resources/views/voto/edit.blade.php [6ms]
[2022-04-09T02:23:01.693Z] > git symbolic-ref --short HEAD [7ms]
[2022-04-09T02:23:01.710Z] > git for-each-ref --format=%(refname)%00%(upstream:short)%00%(objectname)%00%(upstream:track) refs/heads/main refs/remotes/main [8ms]
[2022-04-09T02:23:01.741Z] > git for-each-ref --sort -committerdate --format %(refname) %(objectname) %(*objectname) [18ms]
[2022-04-09T02:23:01.748Z] > git remote --verbose [9ms]
[2022-04-09T02:23:01.792Z] > git config --get commit.template [4ms]
[2022-04-09T02:23:06.839Z] > git symbolic-ref --short HEAD [2ms]
[2022-04-09T02:23:06.850Z] > git for-each-ref --format=%(refname)%00%(upstream:short)%00%(objectname)%00%(upstream:track) refs/heads/main refs/remotes/main [3ms]
[2022-04-09T02:23:06.872Z] > git for-each-ref --sort -committerdate --format %(refname) %(objectname) %(*objectname) [14ms]
[2022-04-09T02:23:06.875Z] > git remote --verbose [5ms]
[2022-04-09T02:23:06.890Z] > git config --get commit.template [4ms]
[2022-04-09T02:23:12.030Z] > git symbolic-ref --short HEAD [5ms]
[2022-04-09T02:23:12.050Z] > git for-each-ref --format=%(refname)%00%(upstream:short)%00%(objectname)%00%(upstream:track) refs/heads/main refs/remotes/main [4ms]
[2022-04-09T02:23:12.072Z] > git for-each-ref --sort -committerdate --format %(refname) %(objectname) %(*objectname) [13ms]
[2022-04-09T02:23:12.076Z] > git remote --verbose [6ms]
[2022-04-09T02:23:12.091Z] > git config --get commit.template [4ms]
[2022-04-09T02:25:05.293Z] > git symbolic-ref --short HEAD [22ms]
[2022-04-09T02:25:05.311Z] > git for-each-ref --format=%(refname)%00%(upstream:short)%00%(objectname)%00%(upstream:track) refs/heads/main refs/remotes/main [6ms]
[2022-04-09T02:25:05.350Z] > git for-each-ref --sort -committerdate --format %(refname) %(objectname) %(*objectname) [14ms]
[2022-04-09T02:25:05.354Z] > git remote --verbose [6ms]
[2022-04-09T02:25:05.374Z] > git config --get commit.template [3ms]
[2022-04-09T02:25:10.279Z] > git ls-files --stage -- /root/dockers/lara/www/proyecto_laravel/resources/views/voto/list.blade.php [3ms]
[2022-04-09T02:25:10.416Z] > git symbolic-ref --short HEAD [4ms]
[2022-04-09T02:25:10.426Z] > git for-each-ref --format=%(refname)%00%(upstream:short)%00%(objectname)%00%(upstream:track) refs/heads/main refs/remotes/main [3ms]
[2022-04-09T02:25:10.444Z] > git for-each-ref --sort -committerdate --format %(refname) %(objectname) %(*objectname) [9ms]
[2022-04-09T02:25:10.445Z] > git remote --verbose [3ms]
[2022-04-09T02:25:10.461Z] > git config --get commit.template [4ms]
[2022-04-09T02:25:12.496Z] > git ls-files --stage -- /root/dockers/lara/www/proyecto_laravel/resources/views/plantilla.blade.php [6ms]
[2022-04-09T02:25:12.512Z] > git cat-file -s a29c797465f13b145dc1b769269c706010134257 [4ms]
[2022-04-09T02:25:13.826Z] > git ls-files --stage -- /root/dockers/lara/www/proyecto_laravel/resources/views/voto/create.blade.php [7ms]
[2022-04-09T02:25:13.843Z] > git cat-file -s 7aa19d1a563a6a2340add8189d8374e2e490bc32 [4ms]
[2022-04-09T02:25:15.505Z] > git symbolic-ref --short HEAD [3ms]
[2022-04-09T02:25:15.516Z] > git for-each-ref --format=%(refname)%00%(upstream:short)%00%(objectname)%00%(upstream:track) refs/heads/main refs/remotes/main [3ms]
[2022-04-09T02:25:15.534Z] > git for-each-ref --sort -committerdate --format %(refname) %(objectname) %(*objectname) [11ms]
[2022-04-09T02:25:15.535Z] > git remote --verbose [3ms]
[2022-04-09T02:25:15.551Z] > git config --get commit.template [3ms]
[2022-04-09T02:25:20.595Z] > git symbolic-ref --short HEAD [6ms]
[2022-04-09T02:25:20.608Z] > git for-each-ref --format=%(refname)%00%(upstream:short)%00%(objectname)%00%(upstream:track) refs/heads/main refs/remotes/main [3ms]
[2022-04-09T02:25:20.627Z] > git for-each-ref --sort -committerdate --format %(refname) %(objectname) %(*objectname) [9ms]
[2022-04-09T02:25:20.628Z] > git remote --verbose [2ms]
[2022-04-09T02:25:20.645Z] > git config --get commit.template [3ms]
[2022-04-09T02:25:21.197Z] > git ls-files --stage -- /root/dockers/lara/www/proyecto_laravel/app/Http/Controllers/VotoController.php [4ms]
[2022-04-09T02:25:21.212Z] > git cat-file -s fe9b90abf199433538cc9393b9d7681b90dd0214 [6ms]
[2022-04-09T02:25:25.688Z] > git symbolic-ref --short HEAD [2ms]
[2022-04-09T02:25:25.699Z] > git for-each-ref --format=%(refname)%00%(upstream:short)%00%(objectname)%00%(upstream:track) refs/heads/main refs/remotes/main [3ms]
[2022-04-09T02:25:25.716Z] > git for-each-ref --sort -committerdate --format %(refname) %(objectname) %(*objectname) [9ms]
[2022-04-09T02:25:25.718Z] > git remote --verbose [3ms]
[2022-04-09T02:25:25.738Z] > git config --get commit.template [5ms]
[2022-04-09T02:25:30.779Z] > git symbolic-ref --short HEAD [2ms]
[2022-04-09T02:25:30.790Z] > git for-each-ref --format=%(refname)%00%(upstream:short)%00%(objectname)%00%(upstream:track) refs/heads/main refs/remotes/main [3ms]
[2022-04-09T02:25:30.808Z] > git for-each-ref --sort -committerdate --format %(refname) %(objectname) %(*objectname) [9ms]
[2022-04-09T02:25:30.809Z] > git remote --verbose [3ms]
[2022-04-09T02:25:30.827Z] > git config --get commit.template [3ms]
[2022-04-09T02:25:35.878Z] > git symbolic-ref --short HEAD [3ms]
[2022-04-09T02:25:35.890Z] > git for-each-ref --format=%(refname)%00%(upstream:short)%00%(objectname)%00%(upstream:track) refs/heads/main refs/remotes/main [3ms]
[2022-04-09T02:25:35.909Z] > git for-each-ref --sort -committerdate --format %(refname) %(objectname) %(*objectname) [11ms]
[2022-04-09T02:25:35.909Z] > git remote --verbose [3ms]
[2022-04-09T02:25:35.924Z] > git config --get commit.template [2ms]
[2022-04-09T02:25:40.965Z] > git symbolic-ref --short HEAD [3ms]
[2022-04-09T02:25:40.975Z] > git for-each-ref --format=%(refname)%00%(upstream:short)%00%(objectname)%00%(upstream:track) refs/heads/main refs/remotes/main [3ms]
[2022-04-09T02:25:40.992Z] > git for-each-ref --sort -committerdate --format %(refname) %(objectname) %(*objectname) [9ms]
[2022-04-09T02:25:40.994Z] > git remote --verbose [3ms]
[2022-04-09T02:25:41.010Z] > git config --get commit.template [2ms]
[2022-04-09T02:27:24.978Z] > git symbolic-ref --short HEAD [11ms]
[2022-04-09T02:27:25.003Z] > git for-each-ref --format=%(refname)%00%(upstream:short)%00%(objectname)%00%(upstream:track) refs/heads/main refs/remotes/main [15ms]
[2022-04-09T02:27:25.029Z] > git for-each-ref --sort -committerdate --format %(refname) %(objectname) %(*objectname) [13ms]
[2022-04-09T02:27:25.035Z] > git remote --verbose [10ms]
[2022-04-09T02:27:25.076Z] > git config --get commit.template [13ms]
[2022-04-09T02:27:30.124Z] > git symbolic-ref --short HEAD [4ms]
[2022-04-09T02:27:30.138Z] > git for-each-ref --format=%(refname)%00%(upstream:short)%00%(objectname)%00%(upstream:track) refs/heads/main refs/remotes/main [4ms]
[2022-04-09T02:27:30.157Z] > git for-each-ref --sort -committerdate --format %(refname) %(objectname) %(*objectname) [10ms]
[2022-04-09T02:27:30.158Z] > git remote --verbose [4ms]
[2022-04-09T02:27:30.176Z] > git config --get commit.template [3ms]
[2022-04-09T02:27:35.220Z] > git symbolic-ref --short HEAD [4ms]
[2022-04-09T02:27:35.231Z] > git for-each-ref --format=%(refname)%00%(upstream:short)%00%(objectname)%00%(upstream:track) refs/heads/main refs/remotes/main [2ms]
[2022-04-09T02:27:35.249Z] > git for-each-ref --sort -committerdate --format %(refname) %(objectname) %(*objectname) [9ms]
[2022-04-09T02:27:35.250Z] > git remote --verbose [2ms]
[2022-04-09T02:27:35.263Z] > git config --get commit.template [2ms]
[2022-04-09T02:27:40.309Z] > git symbolic-ref --short HEAD [4ms]
[2022-04-09T02:27:40.320Z] > git for-each-ref --format=%(refname)%00%(upstream:short)%00%(objectname)%00%(upstream:track) refs/heads/main refs/remotes/main [3ms]
[2022-04-09T02:27:40.338Z] > git for-each-ref --sort -committerdate --format %(refname) %(objectname) %(*objectname) [9ms]
[2022-04-09T02:27:40.339Z] > git remote --verbose [3ms]
[2022-04-09T02:27:40.356Z] > git config --get commit.template [4ms]
[2022-04-09T02:27:45.423Z] > git symbolic-ref --short HEAD [5ms]
[2022-04-09T02:27:45.447Z] > git for-each-ref --format=%(refname)%00%(upstream:short)%00%(objectname)%00%(upstream:track) refs/heads/main refs/remotes/main [10ms]
[2022-04-09T02:27:45.473Z] > git for-each-ref --sort -committerdate --format %(refname) %(objectname) %(*objectname) [16ms]
[2022-04-09T02:27:45.487Z] > git remote --verbose [16ms]
[2022-04-09T02:27:45.533Z] > git config --get commit.template [8ms]
[2022-04-09T02:27:50.603Z] > git symbolic-ref --short HEAD [5ms]
[2022-04-09T02:27:50.630Z] > git for-each-ref --format=%(refname)%00%(upstream:short)%00%(objectname)%00%(upstream:track) refs/heads/main refs/remotes/main [8ms]
[2022-04-09T02:27:50.671Z] > git for-each-ref --sort -committerdate --format %(refname) %(objectname) %(*objectname) [18ms]
[2022-04-09T02:27:50.686Z] > git remote --verbose [16ms]
[2022-04-09T02:27:50.708Z] > git config --get commit.template [5ms]
[2022-04-09T02:27:55.753Z] > git symbolic-ref --short HEAD [4ms]
[2022-04-09T02:27:55.765Z] > git for-each-ref --format=%(refname)%00%(upstream:short)%00%(objectname)%00%(upstream:track) refs/heads/main refs/remotes/main [3ms]
[2022-04-09T02:27:55.784Z] > git for-each-ref --sort -committerdate --format %(refname) %(objectname) %(*objectname) [10ms]
[2022-04-09T02:27:55.785Z] > git remote --verbose [2ms]
[2022-04-09T02:27:55.800Z] > git config --get commit.template [3ms]
[2022-04-09T02:28:00.849Z] > git symbolic-ref --short HEAD [3ms]
[2022-04-09T02:28:00.861Z] > git for-each-ref --format=%(refname)%00%(upstream:short)%00%(objectname)%00%(upstream:track) refs/heads/main refs/remotes/main [3ms]
[2022-04-09T02:28:00.880Z] > git for-each-ref --sort -committerdate --format %(refname) %(objectname) %(*objectname) [10ms]
[2022-04-09T02:28:00.881Z] > git remote --verbose [2ms]
[2022-04-09T02:28:00.898Z] > git config --get commit.template [4ms]
[2022-04-09T02:28:05.945Z] > git symbolic-ref --short HEAD [5ms]
[2022-04-09T02:28:05.957Z] > git for-each-ref --format=%(refname)%00%(upstream:short)%00%(objectname)%00%(upstream:track) refs/heads/main refs/remotes/main [4ms]
[2022-04-09T02:28:05.974Z] > git for-each-ref --sort -committerdate --format %(refname) %(objectname) %(*objectname) [9ms]
[2022-04-09T02:28:05.975Z] > git remote --verbose [3ms]
[2022-04-09T02:28:05.990Z] > git config --get commit.template [3ms]
[2022-04-09T02:28:11.034Z] > git symbolic-ref --short HEAD [2ms]
[2022-04-09T02:28:11.044Z] > git for-each-ref --format=%(refname)%00%(upstream:short)%00%(objectname)%00%(upstream:track) refs/heads/main refs/remotes/main [3ms]
[2022-04-09T02:28:11.062Z] > git for-each-ref --sort -committerdate --format %(refname) %(objectname) %(*objectname) [10ms]
[2022-04-09T02:28:11.064Z] > git remote --verbose [4ms]
[2022-04-09T02:28:11.082Z] > git config --get commit.template [2ms]
[2022-04-09T02:30:50.657Z] > git symbolic-ref --short HEAD [4ms]
[2022-04-09T02:30:50.686Z] > git for-each-ref --format=%(refname)%00%(upstream:short)%00%(objectname)%00%(upstream:track) refs/heads/main refs/remotes/main [11ms]
[2022-04-09T02:30:50.740Z] > git for-each-ref --sort -committerdate --format %(refname) %(objectname) %(*objectname) [25ms]
[2022-04-09T02:30:50.744Z] > git remote --verbose [8ms]
[2022-04-09T02:30:50.772Z] > git config --get commit.template [2ms]
[2022-04-09T02:30:55.813Z] > git symbolic-ref --short HEAD [4ms]
[2022-04-09T02:30:55.824Z] > git for-each-ref --format=%(refname)%00%(upstream:short)%00%(objectname)%00%(upstream:track) refs/heads/main refs/remotes/main [3ms]
[2022-04-09T02:30:55.848Z] > git for-each-ref --sort -committerdate --format %(refname) %(objectname) %(*objectname) [15ms]
[2022-04-09T02:30:55.852Z] > git remote --verbose [5ms]
[2022-04-09T02:30:55.872Z] > git config --get commit.template [5ms]
[2022-04-09T02:30:56.292Z] > git ls-files --stage -- /root/dockers/lara/www/proyecto_laravel/app/Http/Controllers/Api/CandidatoController.php [16ms]
[2022-04-09T02:30:56.311Z] > git cat-file -s 5c406c8f8fcd6ac264da0b762ce76619a98ac4e1 [5ms]
[2022-04-09T02:31:00.914Z] > git symbolic-ref --short HEAD [2ms]
[2022-04-09T02:31:00.925Z] > git for-each-ref --format=%(refname)%00%(upstream:short)%00%(objectname)%00%(upstream:track) refs/heads/main refs/remotes/main [2ms]
[2022-04-09T02:31:00.948Z] > git for-each-ref --sort -committerdate --format %(refname) %(objectname) %(*objectname) [14ms]
[2022-04-09T02:31:00.949Z] > git remote --verbose [3ms]
[2022-04-09T02:31:00.971Z] > git config --get commit.template [4ms]
[2022-04-09T02:31:02.048Z] > git ls-files --stage -- /root/dockers/lara/www/proyecto_laravel/app/Http/Controllers/Api/GenericController.php [15ms]
[2022-04-09T02:31:02.079Z] > git cat-file -s 661e47409901ad6b5c3f9de00de2d47a43c72f7c [17ms]
[2022-04-09T02:31:06.016Z] > git symbolic-ref --short HEAD [2ms]
[2022-04-09T02:31:06.029Z] > git for-each-ref --format=%(refname)%00%(upstream:short)%00%(objectname)%00%(upstream:track) refs/heads/main refs/remotes/main [3ms]
[2022-04-09T02:31:06.046Z] > git for-each-ref --sort -committerdate --format %(refname) %(objectname) %(*objectname) [9ms]
[2022-04-09T02:31:06.049Z] > git remote --verbose [4ms]
[2022-04-09T02:31:06.064Z] > git config --get commit.template [3ms]
[2022-04-09T02:31:07.554Z] > git ls-files --stage -- /root/dockers/lara/www/proyecto_laravel/app/Http/Controllers/VotoController.php [6ms]
[2022-04-09T02:31:07.565Z] > git cat-file -s fe9b90abf199433538cc9393b9d7681b90dd0214 [2ms]
[2022-04-09T02:31:08.758Z] > git ls-files --stage -- /root/dockers/lara/www/proyecto_laravel/app/Http/Controllers/Api/GenericController.php [16ms]
[2022-04-09T02:31:08.782Z] > git cat-file -s 661e47409901ad6b5c3f9de00de2d47a43c72f7c [5ms]
[2022-04-09T02:31:11.120Z] > git symbolic-ref --short HEAD [4ms]
[2022-04-09T02:31:11.131Z] > git for-each-ref --format=%(refname)%00%(upstream:short)%00%(objectname)%00%(upstream:track) refs/heads/main refs/remotes/main [2ms]
[2022-04-09T02:31:11.151Z] > git for-each-ref --sort -committerdate --format %(refname) %(objectname) %(*objectname) [9ms]
[2022-04-09T02:31:11.155Z] > git remote --verbose [5ms]
[2022-04-09T02:31:11.171Z] > git config --get commit.template [4ms]
[2022-04-09T02:31:13.812Z] > git ls-files --stage -- /root/dockers/lara/www/proyecto_laravel/app/Http/Controllers/CandidatoController.php [5ms]
[2022-04-09T02:31:13.825Z] > git cat-file -s 791bcd52e5cfa8967fc1a0105af52d71db3da4d5 [4ms]
[2022-04-09T02:31:16.218Z] > git symbolic-ref --short HEAD [2ms]
[2022-04-09T02:31:16.229Z] > git for-each-ref --format=%(refname)%00%(upstream:short)%00%(objectname)%00%(upstream:track) refs/heads/main refs/remotes/main [2ms]
[2022-04-09T02:31:16.248Z] > git for-each-ref --sort -committerdate --format %(refname) %(objectname) %(*objectname) [10ms]
[2022-04-09T02:31:16.248Z] > git remote --verbose [2ms]
[2022-04-09T02:31:16.265Z] > git config --get commit.template [3ms]
[2022-04-09T02:31:21.307Z] > git symbolic-ref --short HEAD [2ms]
[2022-04-09T02:31:21.318Z] > git for-each-ref --format=%(refname)%00%(upstream:short)%00%(objectname)%00%(upstream:track) refs/heads/main refs/remotes/main [3ms]
[2022-04-09T02:31:21.336Z] > git for-each-ref --sort -committerdate --format %(refname) %(objectname) %(*objectname) [10ms]
[2022-04-09T02:31:21.337Z] > git remote --verbose [3ms]
[2022-04-09T02:31:21.355Z] > git config --get commit.template [3ms]
[2022-04-09T02:31:26.394Z] > git symbolic-ref --short HEAD [2ms]
[2022-04-09T02:31:26.405Z] > git for-each-ref --format=%(refname)%00%(upstream:short)%00%(objectname)%00%(upstream:track) refs/heads/main refs/remotes/main [2ms]
[2022-04-09T02:31:26.427Z] > git remote --verbose [3ms]
[2022-04-09T02:31:26.427Z] > git for-each-ref --sort -committerdate --format %(refname) %(objectname) %(*objectname) [14ms]
[2022-04-09T02:31:26.447Z] > git config --get commit.template [5ms]
[2022-04-09T02:31:49.470Z] > git ls-files --stage -- /root/dockers/lara/www/proyecto_laravel/routes/api.php [14ms]
[2022-04-09T02:31:49.495Z] > git cat-file -s c0d88467cf69b252fb88582c3f246f5221b52e41 [5ms]
[2022-04-09T02:32:35.714Z] > git symbolic-ref --short HEAD [12ms]
[2022-04-09T02:32:35.739Z] > git for-each-ref --format=%(refname)%00%(upstream:short)%00%(objectname)%00%(upstream:track) refs/heads/main refs/remotes/main [6ms]
[2022-04-09T02:32:35.760Z] > git for-each-ref --sort -committerdate --format %(refname) %(objectname) %(*objectname) [13ms]
[2022-04-09T02:32:35.761Z] > git remote --verbose [3ms]
[2022-04-09T02:32:35.796Z] > git config --get commit.template [17ms]
[2022-04-09T02:41:04.863Z] > git symbolic-ref --short HEAD [10ms]
[2022-04-09T02:41:04.901Z] > git for-each-ref --format=%(refname)%00%(upstream:short)%00%(objectname)%00%(upstream:track) refs/heads/main refs/remotes/main [9ms]
[2022-04-09T02:41:04.963Z] > git for-each-ref --sort -committerdate --format %(refname) %(objectname) %(*objectname) [17ms]
[2022-04-09T02:41:04.969Z] > git remote --verbose [8ms]
[2022-04-09T02:41:05.007Z] > git config --get commit.template [11ms]
[2022-04-09T02:41:10.050Z] > git symbolic-ref --short HEAD [3ms]
[2022-04-09T02:41:10.062Z] > git for-each-ref --format=%(refname)%00%(upstream:short)%00%(objectname)%00%(upstream:track) refs/heads/main refs/remotes/main [4ms]
[2022-04-09T02:41:10.079Z] > git for-each-ref --sort -committerdate --format %(refname) %(objectname) %(*objectname) [10ms]
[2022-04-09T02:41:10.079Z] > git remote --verbose [2ms]
[2022-04-09T02:41:10.105Z] > git config --get commit.template [6ms]
[2022-04-09T02:41:15.189Z] > git symbolic-ref --short HEAD [4ms]
[2022-04-09T02:41:15.202Z] > git for-each-ref --format=%(refname)%00%(upstream:short)%00%(objectname)%00%(upstream:track) refs/heads/main refs/remotes/main [4ms]
[2022-04-09T02:41:15.243Z] > git for-each-ref --sort -committerdate --format %(refname) %(objectname) %(*objectname) [32ms]
[2022-04-09T02:41:15.264Z] > git remote --verbose [36ms]
[2022-04-09T02:41:15.310Z] > git config --get commit.template [11ms]
[2022-04-09T02:41:15.442Z] > git ls-files --stage -- /root/dockers/lara/www/proyecto_laravel/app/Http/Controllers/VotoController.php [69ms]
[2022-04-09T02:41:15.474Z] > git cat-file -s fe9b90abf199433538cc9393b9d7681b90dd0214 [12ms]
[2022-04-09T02:41:22.547Z] > git symbolic-ref --short HEAD [11ms]
[2022-04-09T02:41:22.566Z] > git for-each-ref --format=%(refname)%00%(upstream:short)%00%(objectname)%00%(upstream:track) refs/heads/main refs/remotes/main [6ms]
[2022-04-09T02:41:22.587Z] > git for-each-ref --sort -committerdate --format %(refname) %(objectname) %(*objectname) [12ms]
[2022-04-09T02:41:22.590Z] > git remote --verbose [5ms]
[2022-04-09T02:41:22.647Z] > git config --get commit.template [2ms]
[2022-04-09T02:45:17.918Z] > git symbolic-ref --short HEAD [2ms]
[2022-04-09T02:45:17.933Z] > git for-each-ref --format=%(refname)%00%(upstream:short)%00%(objectname)%00%(upstream:track) refs/heads/main refs/remotes/main [7ms]
[2022-04-09T02:45:17.975Z] > git remote --verbose [7ms]
[2022-04-09T02:45:17.977Z] > git for-each-ref --sort -committerdate --format %(refname) %(objectname) %(*objectname) [28ms]
[2022-04-09T02:45:17.995Z] > git config --get commit.template [3ms]
[2022-04-09T02:45:23.039Z] > git symbolic-ref --short HEAD [2ms]
[2022-04-09T02:45:23.051Z] > git for-each-ref --format=%(refname)%00%(upstream:short)%00%(objectname)%00%(upstream:track) refs/heads/main refs/remotes/main [2ms]
[2022-04-09T02:45:23.071Z] > git for-each-ref --sort -committerdate --format %(refname) %(objectname) %(*objectname) [11ms]
[2022-04-09T02:45:23.075Z] > git remote --verbose [7ms]
[2022-04-09T02:45:23.090Z] > git config --get commit.template [2ms]
[2022-04-09T02:45:28.138Z] > git symbolic-ref --short HEAD [3ms]
[2022-04-09T02:45:28.149Z] > git for-each-ref --format=%(refname)%00%(upstream:short)%00%(objectname)%00%(upstream:track) refs/heads/main refs/remotes/main [2ms]
[2022-04-09T02:45:28.168Z] > git for-each-ref --sort -committerdate --format %(refname) %(objectname) %(*objectname) [10ms]
[2022-04-09T02:45:28.169Z] > git remote --verbose [3ms]
[2022-04-09T02:45:28.184Z] > git config --get commit.template [2ms]
[2022-04-09T02:45:33.229Z] > git symbolic-ref --short HEAD [4ms]
[2022-04-09T02:45:33.247Z] > git for-each-ref --format=%(refname)%00%(upstream:short)%00%(objectname)%00%(upstream:track) refs/heads/main refs/remotes/main [3ms]
[2022-04-09T02:45:33.266Z] > git for-each-ref --sort -committerdate --format %(refname) %(objectname) %(*objectname) [10ms]
[2022-04-09T02:45:33.268Z] > git remote --verbose [3ms]
[2022-04-09T02:45:33.282Z] > git config --get commit.template [2ms]
[2022-04-09T02:45:38.374Z] > git symbolic-ref --short HEAD [7ms]
[2022-04-09T02:45:38.424Z] > git for-each-ref --format=%(refname)%00%(upstream:short)%00%(objectname)%00%(upstream:track) refs/heads/main refs/remotes/main [17ms]
[2022-04-09T02:45:38.470Z] > git for-each-ref --sort -committerdate --format %(refname) %(objectname) %(*objectname) [30ms]
[2022-04-09T02:45:38.487Z] > git remote --verbose [20ms]
[2022-04-09T02:45:38.518Z] > git config --get commit.template [18ms]
[2022-04-09T02:45:43.568Z] > git symbolic-ref --short HEAD [2ms]
[2022-04-09T02:45:43.579Z] > git for-each-ref --format=%(refname)%00%(upstream:short)%00%(objectname)%00%(upstream:track) refs/heads/main refs/remotes/main [3ms]
[2022-04-09T02:45:43.597Z] > git for-each-ref --sort -committerdate --format %(refname) %(objectname) %(*objectname) [10ms]
[2022-04-09T02:45:43.598Z] > git remote --verbose [2ms]
[2022-04-09T02:45:43.613Z] > git config --get commit.template [2ms]
[2022-04-09T02:45:48.657Z] > git symbolic-ref --short HEAD [2ms]
[2022-04-09T02:45:48.675Z] > git for-each-ref --format=%(refname)%00%(upstream:short)%00%(objectname)%00%(upstream:track) refs/heads/main refs/remotes/main [3ms]
[2022-04-09T02:45:48.703Z] > git remote --verbose [10ms]
[2022-04-09T02:45:48.703Z] > git for-each-ref --sort -committerdate --format %(refname) %(objectname) %(*objectname) [18ms]
[2022-04-09T02:45:48.718Z] > git config --get commit.template [3ms]
[2022-04-09T02:45:53.772Z] > git symbolic-ref --short HEAD [5ms]
[2022-04-09T02:45:53.791Z] > git for-each-ref --format=%(refname)%00%(upstream:short)%00%(objectname)%00%(upstream:track) refs/heads/main refs/remotes/main [9ms]
[2022-04-09T02:45:53.823Z] > git for-each-ref --sort -committerdate --format %(refname) %(objectname) %(*objectname) [17ms]
[2022-04-09T02:45:53.827Z] > git remote --verbose [7ms]
[2022-04-09T02:45:53.849Z] > git config --get commit.template [4ms]
[2022-04-09T02:45:58.893Z] > git symbolic-ref --short HEAD [3ms]
[2022-04-09T02:45:58.903Z] > git for-each-ref --format=%(refname)%00%(upstream:short)%00%(objectname)%00%(upstream:track) refs/heads/main refs/remotes/main [2ms]
[2022-04-09T02:45:58.921Z] > git for-each-ref --sort -committerdate --format %(refname) %(objectname) %(*objectname) [9ms]
[2022-04-09T02:45:58.923Z] > git remote --verbose [3ms]
[2022-04-09T02:45:58.940Z] > git config --get commit.template [3ms]
[2022-04-09T02:46:04.009Z] > git symbolic-ref --short HEAD [5ms]
[2022-04-09T02:46:04.030Z] > git for-each-ref --format=%(refname)%00%(upstream:short)%00%(objectname)%00%(upstream:track) refs/heads/main refs/remotes/main [4ms]
[2022-04-09T02:46:04.065Z] > git for-each-ref --sort -committerdate --format %(refname) %(objectname) %(*objectname) [22ms]
[2022-04-09T02:46:04.068Z] > git remote --verbose [10ms]
[2022-04-09T02:46:04.111Z] > git config --get commit.template [12ms]
[2022-04-09T02:46:09.165Z] > git symbolic-ref --short HEAD [3ms]
[2022-04-09T02:46:09.177Z] > git for-each-ref --format=%(refname)%00%(upstream:short)%00%(objectname)%00%(upstream:track) refs/heads/main refs/remotes/main [3ms]
[2022-04-09T02:46:09.195Z] > git for-each-ref --sort -committerdate --format %(refname) %(objectname) %(*objectname) [10ms]
[2022-04-09T02:46:09.196Z] > git remote --verbose [3ms]
[2022-04-09T02:46:09.211Z] > git config --get commit.template [1ms]
[2022-04-09T02:46:14.274Z] > git symbolic-ref --short HEAD [5ms]
[2022-04-09T02:46:14.289Z] > git for-each-ref --format=%(refname)%00%(upstream:short)%00%(objectname)%00%(upstream:track) refs/heads/main refs/remotes/main [3ms]
[2022-04-09T02:46:14.308Z] > git for-each-ref --sort -committerdate --format %(refname) %(objectname) %(*objectname) [10ms]
[2022-04-09T02:46:14.311Z] > git remote --verbose [5ms]
[2022-04-09T02:46:14.326Z] > git config --get commit.template [4ms]
[2022-04-09T02:46:19.369Z] > git symbolic-ref --short HEAD [4ms]
[2022-04-09T02:46:19.380Z] > git for-each-ref --format=%(refname)%00%(upstream:short)%00%(objectname)%00%(upstream:track) refs/heads/main refs/remotes/main [3ms]
[2022-04-09T02:46:19.398Z] > git for-each-ref --sort -committerdate --format %(refname) %(objectname) %(*objectname) [10ms]
[2022-04-09T02:46:19.401Z] > git remote --verbose [5ms]
[2022-04-09T02:46:19.419Z] > git config --get commit.template [1ms]
[2022-04-09T02:46:24.465Z] > git symbolic-ref --short HEAD [4ms]
[2022-04-09T02:46:24.476Z] > git for-each-ref --format=%(refname)%00%(upstream:short)%00%(objectname)%00%(upstream:track) refs/heads/main refs/remotes/main [3ms]
[2022-04-09T02:46:24.495Z] > git for-each-ref --sort -committerdate --format %(refname) %(objectname) %(*objectname) [10ms]
[2022-04-09T02:46:24.496Z] > git remote --verbose [3ms]
[2022-04-09T02:46:24.514Z] > git config --get commit.template [4ms]
[2022-04-09T02:46:29.622Z] > git symbolic-ref --short HEAD [6ms]
[2022-04-09T02:46:29.647Z] > git for-each-ref --format=%(refname)%00%(upstream:short)%00%(objectname)%00%(upstream:track) refs/heads/main refs/remotes/main [3ms]
[2022-04-09T02:46:29.676Z] > git for-each-ref --sort -committerdate --format %(refname) %(objectname) %(*objectname) [16ms]
[2022-04-09T02:46:29.684Z] > git remote --verbose [10ms]
[2022-04-09T02:46:29.717Z] > git config --get commit.template [8ms]
[2022-04-09T02:46:34.766Z] > git symbolic-ref --short HEAD [4ms]
[2022-04-09T02:46:34.778Z] > git for-each-ref --format=%(refname)%00%(upstream:short)%00%(objectname)%00%(upstream:track) refs/heads/main refs/remotes/main [3ms]
[2022-04-09T02:46:34.797Z] > git for-each-ref --sort -committerdate --format %(refname) %(objectname) %(*objectname) [10ms]
[2022-04-09T02:46:34.798Z] > git remote --verbose [2ms]
[2022-04-09T02:46:34.812Z] > git config --get commit.template [2ms]
[2022-04-09T02:46:39.850Z] > git symbolic-ref --short HEAD [3ms]
[2022-04-09T02:46:39.866Z] > git for-each-ref --format=%(refname)%00%(upstream:short)%00%(objectname)%00%(upstream:track) refs/heads/main refs/remotes/main [4ms]
[2022-04-09T02:46:39.884Z] > git for-each-ref --sort -committerdate --format %(refname) %(objectname) %(*objectname) [10ms]
[2022-04-09T02:46:39.887Z] > git remote --verbose [5ms]
[2022-04-09T02:46:39.901Z] > git config --get commit.template [3ms]
[2022-04-09T02:46:44.969Z] > git symbolic-ref --short HEAD [8ms]
[2022-04-09T02:46:44.984Z] > git for-each-ref --format=%(refname)%00%(upstream:short)%00%(objectname)%00%(upstream:track) refs/heads/main refs/remotes/main [5ms]
[2022-04-09T02:46:45.020Z] > git for-each-ref --sort -committerdate --format %(refname) %(objectname) %(*objectname) [15ms]
[2022-04-09T02:46:45.024Z] > git remote --verbose [6ms]
[2022-04-09T02:46:45.053Z] > git config --get commit.template [9ms]
[2022-04-09T02:46:50.096Z] > git symbolic-ref --short HEAD [2ms]
[2022-04-09T02:46:50.108Z] > git for-each-ref --format=%(refname)%00%(upstream:short)%00%(objectname)%00%(upstream:track) refs/heads/main refs/remotes/main [3ms]
[2022-04-09T02:46:50.126Z] > git for-each-ref --sort -committerdate --format %(refname) %(objectname) %(*objectname) [10ms]
[2022-04-09T02:46:50.128Z] > git remote --verbose [4ms]
[2022-04-09T02:46:50.143Z] > git config --get commit.template [2ms]
[2022-04-09T02:46:55.190Z] > git ls-files --stage -- /root/dockers/lara/www/proyecto_laravel/resources/views/voto/list.blade.php [17ms]
[2022-04-09T02:46:55.240Z] > git symbolic-ref --short HEAD [5ms]
[2022-04-09T02:46:55.257Z] > git for-each-ref --format=%(refname)%00%(upstream:short)%00%(objectname)%00%(upstream:track) refs/heads/main refs/remotes/main [6ms]
[2022-04-09T02:46:55.281Z] > git for-each-ref --sort -committerdate --format %(refname) %(objectname) %(*objectname) [14ms]
[2022-04-09T02:46:55.286Z] > git remote --verbose [7ms]
[2022-04-09T02:46:55.362Z] > git config --get commit.template [24ms]
[2022-04-09T03:12:50.590Z] > git symbolic-ref --short HEAD [6ms]
[2022-04-09T03:12:50.607Z] > git for-each-ref --format=%(refname)%00%(upstream:short)%00%(objectname)%00%(upstream:track) refs/heads/main refs/remotes/main [2ms]
[2022-04-09T03:12:50.673Z] > git for-each-ref --sort -committerdate --format %(refname) %(objectname) %(*objectname) [36ms]
[2022-04-09T03:12:50.684Z] > git remote --verbose [13ms]
[2022-04-09T03:12:50.740Z] > git config --get commit.template [11ms]
[2022-04-09T03:12:50.779Z] > git ls-files --stage -- /root/dockers/lara/www/proyecto_laravel/resources/views/voto/list.blade.php [5ms]
[2022-04-09T03:12:50.807Z] > git cat-file -s 0e23b532b16768cc4a20181905183b68fd337d2f [13ms]
[2022-04-09T03:12:55.777Z] > git symbolic-ref --short HEAD [3ms]
[2022-04-09T03:12:55.788Z] > git for-each-ref --format=%(refname)%00%(upstream:short)%00%(objectname)%00%(upstream:track) refs/heads/main refs/remotes/main [2ms]
[2022-04-09T03:12:55.809Z] > git for-each-ref --sort -committerdate --format %(refname) %(objectname) %(*objectname) [12ms]
[2022-04-09T03:12:55.810Z] > git remote --verbose [4ms]
[2022-04-09T03:12:55.827Z] > git config --get commit.template [6ms]
[2022-04-09T03:13:00.873Z] > git symbolic-ref --short HEAD [5ms]
[2022-04-09T03:13:00.883Z] > git for-each-ref --format=%(refname)%00%(upstream:short)%00%(objectname)%00%(upstream:track) refs/heads/main refs/remotes/main [3ms]
[2022-04-09T03:13:00.900Z] > git for-each-ref --sort -committerdate --format %(refname) %(objectname) %(*objectname) [9ms]
[2022-04-09T03:13:00.901Z] > git remote --verbose [2ms]
[2022-04-09T03:13:00.916Z] > git config --get commit.template [3ms]
[2022-04-09T03:13:05.972Z] > git symbolic-ref --short HEAD [4ms]
[2022-04-09T03:13:05.991Z] > git for-each-ref --format=%(refname)%00%(upstream:short)%00%(objectname)%00%(upstream:track) refs/heads/main refs/remotes/main [10ms]
[2022-04-09T03:13:06.038Z] > git for-each-ref --sort -committerdate --format %(refname) %(objectname) %(*objectname) [23ms]
[2022-04-09T03:13:06.045Z] > git remote --verbose [9ms]
[2022-04-09T03:13:06.085Z] > git config --get commit.template [7ms]
[2022-04-09T03:13:09.961Z] > git ls-files --stage -- /root/dockers/lara/www/proyecto_laravel/resources/views/me [89ms]
[2022-04-09T03:13:45.224Z] > git ls-files --stage -- /root/dockers/lara/www/proyecto_laravel/resources/views/message.blade.php [3ms]
[2022-04-09T03:13:54.542Z] > git symbolic-ref --short HEAD [7ms]
[2022-04-09T03:13:54.577Z] > git for-each-ref --format=%(refname)%00%(upstream:short)%00%(objectname)%00%(upstream:track) refs/heads/main refs/remotes/main [9ms]
[2022-04-09T03:13:54.617Z] > git for-each-ref --sort -committerdate --format %(refname) %(objectname) %(*objectname) [19ms]
[2022-04-09T03:13:54.625Z] > git remote --verbose [9ms]
[2022-04-09T03:13:54.652Z] > git config --get commit.template [8ms]
[2022-04-09T03:14:08.749Z] > git symbolic-ref --short HEAD [5ms]
[2022-04-09T03:14:08.766Z] > git for-each-ref --format=%(refname)%00%(upstream:short)%00%(objectname)%00%(upstream:track) refs/heads/main refs/remotes/main [5ms]
[2022-04-09T03:14:08.798Z] > git for-each-ref --sort -committerdate --format %(refname) %(objectname) %(*objectname) [18ms]
[2022-04-09T03:14:08.804Z] > git remote --verbose [8ms]
[2022-04-09T03:14:08.827Z] > git config --get commit.template [4ms]
[2022-04-09T03:14:13.870Z] > git symbolic-ref --short HEAD [3ms]
[2022-04-09T03:14:13.880Z] > git for-each-ref --format=%(refname)%00%(upstream:short)%00%(objectname)%00%(upstream:track) refs/heads/main refs/remotes/main [2ms]
[2022-04-09T03:14:13.905Z] > git for-each-ref --sort -committerdate --format %(refname) %(objectname) %(*objectname) [8ms]
[2022-04-09T03:14:13.906Z] > git remote --verbose [2ms]
[2022-04-09T03:14:13.922Z] > git config --get commit.template [3ms]
[2022-04-09T03:14:18.966Z] > git symbolic-ref --short HEAD [4ms]
[2022-04-09T03:14:18.983Z] > git for-each-ref --format=%(refname)%00%(upstream:short)%00%(objectname)%00%(upstream:track) refs/heads/main refs/remotes/main [6ms]
[2022-04-09T03:14:19.005Z] > git for-each-ref --sort -committerdate --format %(refname) %(objectname) %(*objectname) [13ms]
[2022-04-09T03:14:19.009Z] > git remote --verbose [6ms]
[2022-04-09T03:14:19.023Z] > git config --get commit.template [3ms]
[2022-04-09T03:15:28.312Z] > git symbolic-ref --short HEAD [5ms]
[2022-04-09T03:15:28.342Z] > git for-each-ref --format=%(refname)%00%(upstream:short)%00%(objectname)%00%(upstream:track) refs/heads/main refs/remotes/main [13ms]
[2022-04-09T03:15:28.417Z] > git for-each-ref --sort -committerdate --format %(refname) %(objectname) %(*objectname) [47ms]
[2022-04-09T03:15:28.418Z] > git remote --verbose [3ms]
[2022-04-09T03:15:28.433Z] > git config --get commit.template [4ms]
[2022-04-09T03:15:33.473Z] > git symbolic-ref --short HEAD [2ms]
[2022-04-09T03:15:33.483Z] > git for-each-ref --format=%(refname)%00%(upstream:short)%00%(objectname)%00%(upstream:track) refs/heads/main refs/remotes/main [2ms]
[2022-04-09T03:15:33.501Z] > git for-each-ref --sort -committerdate --format %(refname) %(objectname) %(*objectname) [10ms]
[2022-04-09T03:15:33.502Z] > git remote --verbose [2ms]
[2022-04-09T03:15:33.521Z] > git config --get commit.template [5ms]
[2022-04-09T03:15:38.582Z] > git symbolic-ref --short HEAD [7ms]
[2022-04-09T03:15:38.598Z] > git for-each-ref --format=%(refname)%00%(upstream:short)%00%(objectname)%00%(upstream:track) refs/heads/main refs/remotes/main [5ms]
[2022-04-09T03:15:38.642Z] > git remote --verbose [2ms]
[2022-04-09T03:15:38.643Z] > git for-each-ref --sort -committerdate --format %(refname) %(objectname) %(*objectname) [23ms]
[2022-04-09T03:15:38.662Z] > git config --get commit.template [3ms]
